#
# A fatal error has been detected by the Java Runtime Environment:
#
#  EXCEPTION_ACCESS_VIOLATION (0xc0000005) at pc=0x000001f442651050, pid=29604, tid=6168
#
# JRE version: Java(TM) SE Runtime Environment (21.0.1+12) (build 21.0.1+12-LTS-29)
# Java VM: Java HotSpot(TM) 64-Bit Server VM (21.0.1+12-LTS-29, mixed mode, emulated-client, sharing, tiered, compressed oops, compressed class ptrs, g1 gc, windows-amd64)
# Problematic frame:
# v  ~BufferBlob::MethodHandles adapters 0x000001f442651050
#
# No core dump will be written. Minidumps are not enabled by default on client versions of Windows
#
# If you would like to submit a bug report, please visit:
#   https://bugreport.java.com/bugreport/crash.jsp
#

---------------  S U M M A R Y ------------

Command Line: -XX:+ShowCodeDetailsInExceptionMessages -agentlib:jdwp=transport=dt_socket,suspend=y,address=localhost:53491 -Dcom.sun.management.jmxremote -Dcom.sun.management.jmxremote.port=53490 -Dcom.sun.management.jmxremote.authenticate=false -Dcom.sun.management.jmxremote.ssl=false -Djava.rmi.server.hostname=localhost -Dspring.jmx.enabled=true -Dmanagement.endpoints.jmx.exposure.include=* -Dspring.application.admin.enabled=true -Dspring.output.ansi.enabled=always -XX:TieredStopAtLevel=1 -Dspring.boot.project.name=LibraryManageSystem_MongoFlux -javaagent:C:\Users\urjap\eclipse\jee-2024-12\eclipse\configuration\org.eclipse.osgi\1310\0\.cp\lib\javaagent-shaded.jar -Dfile.encoding=UTF-8 -Dstdout.encoding=UTF-8 -Dstderr.encoding=UTF-8 com.library.system.LibraryManageSystemMongoFluxApplication

Host: 13th Gen Intel(R) Core(TM) i7-1360P, 16 cores, 15G,  Windows 11 , 64 bit Build 26100 (10.0.26100.4202)
Time: Sat Jun 21 18:26:58 2025 Eastern Daylight Time elapsed time: 81.015314 seconds (0d 0h 1m 21s)

---------------  T H R E A D  ---------------

Current thread (0x000001f4940ba830):  JavaThread "restartedMain"        [_thread_in_Java, id=6168, stack(0x000000c218200000,0x000000c218300000) (1024K)]

Stack: [0x000000c218200000,0x000000c218300000],  sp=0x000000c2182fdb98,  free space=1014k
Native frames: (J=compiled Java code, j=interpreted, Vv=VM code, C=native code)
C  0x000001f442651050

The last pc belongs to _linkToSpecial (printed below).

siginfo: EXCEPTION_ACCESS_VIOLATION (0xc0000005), reading address 0xffffffffffffffff


Registers:
RAX=0x000001f442629086, RBX=0xe191a3b900000000, RCX=0x000000c2182fdba0, RDX=0x0000000000000002
RSP=0x000000c2182fdb98, RBP=0x000000c2182fdbe8, RSI=0x000001f495e021f8, RDI=0x000001f494ede780
R8 =0x0000000000000004, R9 =0x0000000000000004, R10=0x00007fff01829e90, R11=0x000001f44e0b6b68
R12=0x0000000000000000, R13=0x000000c2182fdb98, R14=0x000000c2182fdc08, R15=0x000001f4940ba830
RIP=0x000001f442651050, EFLAGS=0x0000000000010202


Register to memory mapping:

RAX=0x000001f442629086 is at code_begin+3078 in an Interpreter codelet
return entry points  [0x000001f442628480, 0x000001f44262a298]  7704 bytes
RBX=0xe191a3b900000000 is an unknown value
RCX=0x000000c2182fdba0 is pointing into the stack for thread: 0x000001f4940ba830
RDX=0x0000000000000002 is an unknown value
RSP=0x000000c2182fdb98 is pointing into the stack for thread: 0x000001f4940ba830
RBP=0x000000c2182fdbe8 is pointing into the stack for thread: 0x000001f4940ba830
RSI=0x000001f495e021f8 points into unknown readable memory: 0x88003163f5d7effa | fa ef d7 f5 63 31 00 88
RDI=0x000001f494ede780 points into unknown readable memory: 0x0000001800000070 | 70 00 00 00 18 00 00 00
R8 =0x0000000000000004 is an unknown value
R9 =0x0000000000000004 is an unknown value
R10=0x00007fff01829e90 jvm.dll
R11={method} {0x000001f44e0b6b70} 'newInvokeSpecial' '(Ljava/lang/Object;)Ljava/lang/Object;' in 'java/lang/invoke/DirectMethodHandle$Holder'
R12=0x0 is null
R13=0x000000c2182fdb98 is pointing into the stack for thread: 0x000001f4940ba830
R14=0x000000c2182fdc08 is pointing into the stack for thread: 0x000001f4940ba830
R15=0x000001f4940ba830 is a thread

Top of Stack: (sp=0x000000c2182fdb98)
0x000000c2182fdb98:   000001f442629086 000000c2182fdba0
0x000000c2182fdba8:   000001f44e72d9bf 0000000000000004
0x000000c2182fdbb8:   000001f44e0b2020 000000070de51ee0
0x000000c2182fdbc8:   0000000705033290 000001f44e0b6b68
0x000000c2182fdbd8:   000000c2182fdb98 000000c2182fdc10
0x000000c2182fdbe8:   000000c2182fdf80 000001f442a48ccb
0x000000c2182fdbf8:   000000070c8d1cd0 000000070c8d1d78
0x000000c2182fdc08:   000000070c8d1d30 000000070c8d1ae0
0x000000c2182fdc18:   000001f44263ea59 000000c2182fdf80
0x000000c2182fdc28:   000001f443415714 0000010000000000
0x000000c2182fdc38:   000000c2182fcac8 000000c2182fca78
0x000000c2182fdc48:   000000c2182fca78 000001f44263ea59
0x000000c2182fdc58:   000001f442628190 0000000000000000
0x000000c2182fdc68:   0000010000000000 000000c2182fcac8
0x000000c2182fdc78:   000000c2182fca78 000001f4940ba830
0x000000c2182fdc88:   0000000704f73458 000000070de51ee0
0x000000c2182fdc98:   000000070c8d19a8 000000070c8d19a8
0x000000c2182fdca8:   000000070c8d1ae0 000000070c8d1d60
0x000000c2182fdcb8:   000000070c8d1b38 000000070de51ee0
0x000000c2182fdcc8:   0000000000000001 000000c2182fdf80
0x000000c2182fdcd8:   000001f400000000 0000000000000000
0x000000c2182fdce8:   0000000000000000 000000070c8d1d30
0x000000c2182fdcf8:   000001f442a4d45c 0000000000000000
0x000000c2182fdd08:   0000000000000000 0000000000000000
0x000000c2182fdd18:   0000000000000000 000001f4940ba830
0x000000c2182fdd28:   0000000000000000 000000070c8d1ae0
0x000000c2182fdd38:   0000000000000000 000000070c8d19a8
0x000000c2182fdd48:   000000070c8d1d60 000000070c8d1ae0
0x000000c2182fdd58:   0000000000000000 000000c2182fde00
0x000000c2182fdd68:   000001f442a481ec 000000c2182fdf80
0x000000c2182fdd78:   000001f4429b906a 0000000000000000
0x000000c2182fdd88:   000001f442913229 000001f4940ba830 

Instructions: (pc=0x000001f442651050)
0x000001f442650f50:   bf e0 05 00 00 00 74 03 ff 63 38 ff 63 50 e9 9d
0x000001f442650f60:   16 00 00 66 66 66 0f 1f 84 00 00 00 00 00 66 66
0x000001f442650f70:   66 90 66 66 0f 1f 84 00 00 00 00 00 66 66 66 90
0x000001f442650f80:   48 8b 53 08 0f b7 52 2e 48 8b 0c d4 58 5b 50 44
0x000001f442650f90:   8b 51 08 49 bb 00 00 00 4e f4 01 00 00 4d 03 d3
0x000001f442650fa0:   4c 8b 5b 10 4b 8b 9c da c8 01 00 00 48 85 db 0f
0x000001f442650fb0:   84 10 00 00 00 41 80 bf e0 05 00 00 00 74 03 ff
0x000001f442650fc0:   63 38 ff 63 50 e9 36 16 00 00 66 66 66 0f 1f 84
0x000001f442650fd0:   00 00 00 00 00 66 66 66 90 0f 1f 80 00 00 00 00
0x000001f442650fe0:   58 5b 50 8b 5b 24 48 c1 e3 03 48 8b 5b 10 48 85
0x000001f442650ff0:   db 0f 84 10 00 00 00 41 80 bf e0 05 00 00 00 74
0x000001f442651000:   03 ff 63 38 ff 63 50 e9 f4 15 00 00 66 66 66 0f
0x000001f442651010:   1f 84 00 00 00 00 00 66 66 66 90 0f 1f 44 00 00
0x000001f442651020:   48 8b 53 08 0f b7 52 2e 48 8b 0c d4 58 5b 50 48
0x000001f442651030:   3b 01 8b 5b 24 48 c1 e3 03 48 8b 5b 10 48 85 db
0x000001f442651040:   0f 84 10 00 00 00 41 80 bf e0 05 00 00 00 74 03
0x000001f442651050:   ff 63 38 ff 63 50 e9 a5 15 00 00 0f 1f 44 00 00
0x000001f442651060:   48 8b 53 08 0f b7 52 2e 48 8b 0c d4 58 5b 50 44
0x000001f442651070:   8b 51 08 49 bb 00 00 00 4e f4 01 00 00 4d 03 d3
0x000001f442651080:   8b 43 18 48 c1 e0 03 48 8b 40 10 48 8b 5b 10 45
0x000001f442651090:   8b 9a a0 00 00 00 4f 8d 9c da c8 01 00 00 4d 8d
0x000001f4426510a0:   14 da 49 8b 1b 48 3b c3 74 15 48 85 db 0f 84 32
0x000001f4426510b0:   00 00 00 49 83 c3 10 49 8b 1b 48 3b c3 75 eb 45
0x000001f4426510c0:   8b 5b 08 4b 8b 1c 1a 48 85 db 0f 84 10 00 00 00
0x000001f4426510d0:   41 80 bf e0 05 00 00 00 74 03 ff 63 38 ff 63 50
0x000001f4426510e0:   e9 1b 15 00 00 e9 16 12 00 00 f4 00 00 00 00 00
0x000001f4426510f0:   00 00 00 00 00 00 00 00 00 00 00 00 00 00 00 00
0x000001f442651100:   00 00 00 00 00 00 00 00 00 00 00 00 00 00 00 00
0x000001f442651110:   00 00 00 00 00 00 00 00 00 00 00 00 00 00 00 00
0x000001f442651120:   00 00 00 00 00 00 00 00 00 00 00 00 00 00 00 00
0x000001f442651130:   00 00 00 00 00 00 00 00 00 00 00 00 00 00 00 00
0x000001f442651140:   00 00 00 00 00 00 00 00 00 00 00 00 00 00 00 00 


Stack slot to memory mapping:

stack at sp + 0 slots: 0x000001f442629086 is at code_begin+3078 in an Interpreter codelet
return entry points  [0x000001f442628480, 0x000001f44262a298]  7704 bytes
stack at sp + 1 slots: 0x000000c2182fdba0 is pointing into the stack for thread: 0x000001f4940ba830
stack at sp + 2 slots: 0x000001f44e72d9bf is pointing into metadata
stack at sp + 3 slots: 0x0000000000000004 is an unknown value
stack at sp + 4 slots: 0x000001f44e0b2020 is pointing into metadata
stack at sp + 5 slots: 0x000000070de51ee0 is an oop: java.lang.Class 
{0x000000070de51ee0} - klass: 'java/lang/Class'
 - ---- fields (total size 14 words):
 - private volatile transient 'classRedefinedCount' 'I' @12  1 (0x00000001)
 - injected 'klass' 'J' @16  2148815079424 (0x000001f44f5c0800)
 - injected 'array_klass' 'J' @24  0 (0x0000000000000000)
 - injected 'oop_size' 'I' @32  14 (0x0000000e)
 - injected 'static_oop_field_count' 'I' @36  0 (0x00000000)
 - private volatile transient 'cachedConstructor' 'Ljava/lang/reflect/Constructor;' @40  null (0x00000000)
 - private transient 'name' 'Ljava/lang/String;' @44  "com.library.system.EmployeeController"{0x000000070de51f50} (0xe1bca3ea)
 - private transient 'module' 'Ljava/lang/Module;' @48  a 'java/lang/Module'{0x000000071481c410} (0xe2903882)
 - private final 'classLoader' 'Ljava/lang/ClassLoader;' @52  a 'org/springframework/boot/devtools/restart/classloader/RestartClassLoader'{0x000000071481c280} (0xe2903850)
 - private transient 'classData' 'Ljava/lang/Object;' @56  null (0x00000000)
 - private transient 'packageName' 'Ljava/lang/String;' @60  "com.library.system"{0x000000070547b150} (0xe0a8f62a)
 - private final 'componentType' 'Ljava/lang/Class;' @64  null (0x00000000)
 - private volatile transient 'reflectionData' 'Ljava/lang/ref/SoftReference;' @68  a 'java/lang/ref/SoftReference'{0x000000070c88e3e8} (0xe1911c7d)
 - private volatile transient 'genericInfo' 'Lsun/reflect/generics/repository/ClassRepository;' @72  null (0x00000000)
 - private volatile transient 'enumConstants' '[Ljava/lang/Object;' @76  null (0x00000000)
 - private volatile transient 'enumConstantDirectory' 'Ljava/util/Map;' @80  null (0x00000000)
 - private volatile transient 'annotationData' 'Ljava/lang/Class$AnnotationData;' @84  null (0x00000000)
 - private volatile transient 'annotationType' 'Lsun/reflect/annotation/AnnotationType;' @88  null (0x00000000)
 - transient 'classValueMap' 'Ljava/lang/ClassValue$ClassValueMap;' @92  null (0x00000000)
 - injected 'protection_domain' 'Ljava/lang/Object;' @96  a 'java/security/ProtectionDomain'{0x0000000714833f38} (0xe29067e7)
 - injected 'signers_name' 'Ljava/lang/Object;' @100  null (0x00000000)
 - injected 'source_file' 'Ljava/lang/Object;' @104  null (0x00000000)
 - signature: Lcom/library/system/EmployeeController;
 - ---- static fields (0):
stack at sp + 6 slots: 0x0000000705033290 is an oop: java.lang.Class 
{0x0000000705033290} - klass: 'java/lang/Class'
 - ---- fields (total size 14 words):
 - private volatile transient 'classRedefinedCount' 'I' @12  0 (0x00000000)
 - injected 'klass' 'J' @16  2148792998896 (0x000001f44e0b1bf0)
 - injected 'array_klass' 'J' @24  0 (0x0000000000000000)
 - injected 'oop_size' 'I' @32  14 (0x0000000e)
 - injected 'static_oop_field_count' 'I' @36  0 (0x00000000)
 - private volatile transient 'cachedConstructor' 'Ljava/lang/reflect/Constructor;' @40  null (0x00000000)
 - private transient 'name' 'Ljava/lang/String;' @44  null (0x00000000)
 - private transient 'module' 'Ljava/lang/Module;' @48  a 'java/lang/Module'{0x0000000704f60370} (0xe09ec06e)
 - private final 'classLoader' 'Ljava/lang/ClassLoader;' @52  null (0x00000000)
 - private transient 'classData' 'Ljava/lang/Object;' @56  null (0x00000000)
 - private transient 'packageName' 'Ljava/lang/String;' @60  null (0x00000000)
 - private final 'componentType' 'Ljava/lang/Class;' @64  null (0x00000000)
 - private volatile transient 'reflectionData' 'Ljava/lang/ref/SoftReference;' @68  null (0x00000000)
 - private volatile transient 'genericInfo' 'Lsun/reflect/generics/repository/ClassRepository;' @72  null (0x00000000)
 - private volatile transient 'enumConstants' '[Ljava/lang/Object;' @76  null (0x00000000)
 - private volatile transient 'enumConstantDirectory' 'Ljava/util/Map;' @80  null (0x00000000)
 - private volatile transient 'annotationData' 'Ljava/lang/Class$AnnotationData;' @84  null (0x00000000)
 - private volatile transient 'annotationType' 'Lsun/reflect/annotation/AnnotationType;' @88  null (0x00000000)
 - transient 'classValueMap' 'Ljava/lang/ClassValue$ClassValueMap;' @92  null (0x00000000)
 - injected 'protection_domain' 'Ljava/lang/Object;' @96  null (0x00000000)
 - injected 'signers_name' 'Ljava/lang/Object;' @100  null (0x00000000)
 - injected 'source_file' 'Ljava/lang/Object;' @104  null (0x00000000)
 - signature: Ljava/lang/invoke/DirectMethodHandle$Holder;
 - ---- static fields (0):
stack at sp + 7 slots: {method} {0x000001f44e0b6b70} 'newInvokeSpecial' '(Ljava/lang/Object;)Ljava/lang/Object;' in 'java/lang/invoke/DirectMethodHandle$Holder'

MethodHandle::interpreter_entry::_linkToSpecial [0x000001f44265100c, 0x000001f44265105b] (79 bytes)
[MachCode]
  0x000001f44265100c: 6666 660f | 1f84 0000 | 0000 0066 | 6666 900f | 1f44 0000 | 488b 5308 | 0fb7 522e | 488b 0cd4 
  0x000001f44265102c: 585b 5048 | 3b01 8b5b | 2448 c1e3 | 0348 8b5b | 1048 85db | 0f84 1000 | 0000 4180 | bfe0 0500 
  0x000001f44265104c: 0000 7403 | ff63 38ff | 6350 e9a5 | 
[/MachCode]

---------------  P R O C E S S  ---------------

Threads class SMR info:
_java_thread_list=0x000001f495eb36b0, length=28, elements={
0x000001f44dbab840, 0x000001f44dbac2a0, 0x000001f44dbb0be0, 0x000001f44dbb48c0,
0x000001f44dbb81c0, 0x000001f44dbb6110, 0x000001f44dbb9a20, 0x000001f493126400,
0x000001f4931a5900, 0x000001f4931b05e0, 0x000001f4931b1070, 0x000001f493932800,
0x000001f493b19a70, 0x000001f493b1e1f0, 0x000001f493bf6280, 0x000001f493ea9e70,
0x000001f493ff8210, 0x000001f493ff8880, 0x000001f493ffcf00, 0x000001f4940b8760,
0x000001f4959db0b0, 0x000001f495d53be0, 0x000001f495d55cb0, 0x000001f495d521a0,
0x000001f4940ba830, 0x000001f4940b8df0, 0x000001f4940baec0, 0x000001f4940ba1a0
}

Java Threads: ( => current thread )
  0x000001f44dbab840 JavaThread "Reference Handler"          daemon [_thread_blocked, id=26900, stack(0x000000c216200000,0x000000c216300000) (1024K)]
  0x000001f44dbac2a0 JavaThread "Finalizer"                  daemon [_thread_blocked, id=30260, stack(0x000000c216300000,0x000000c216400000) (1024K)]
  0x000001f44dbb0be0 JavaThread "Signal Dispatcher"          daemon [_thread_blocked, id=33272, stack(0x000000c216400000,0x000000c216500000) (1024K)]
  0x000001f44dbb48c0 JavaThread "Attach Listener"            daemon [_thread_blocked, id=30444, stack(0x000000c216500000,0x000000c216600000) (1024K)]
  0x000001f44dbb81c0 JavaThread "Service Thread"             daemon [_thread_blocked, id=2272, stack(0x000000c216600000,0x000000c216700000) (1024K)]
  0x000001f44dbb6110 JavaThread "Monitor Deflation Thread"   daemon [_thread_blocked, id=31956, stack(0x000000c216700000,0x000000c216800000) (1024K)]
  0x000001f44dbb9a20 JavaThread "C1 CompilerThread0"         daemon [_thread_blocked, id=13636, stack(0x000000c216800000,0x000000c216900000) (1024K)]
  0x000001f493126400 JavaThread "Common-Cleaner"             daemon [_thread_blocked, id=17360, stack(0x000000c216a00000,0x000000c216b00000) (1024K)]
  0x000001f4931a5900 JavaThread "JDWP Transport Listener: dt_socket" daemon [_thread_blocked, id=15812, stack(0x000000c216c00000,0x000000c216d00000) (1024K)]
  0x000001f4931b05e0 JavaThread "JDWP Event Helper Thread"   daemon [_thread_blocked, id=32712, stack(0x000000c216d00000,0x000000c216e00000) (1024K)]
  0x000001f4931b1070 JavaThread "JDWP Command Reader"        daemon [_thread_in_native, id=31984, stack(0x000000c216e00000,0x000000c216f00000) (1024K)]
  0x000001f493932800 JavaThread "Notification Thread"        daemon [_thread_blocked, id=7616, stack(0x000000c216f00000,0x000000c217000000) (1024K)]
  0x000001f493b19a70 JavaThread "RMI TCP Accept-0"           daemon [_thread_in_native, id=32352, stack(0x000000c217100000,0x000000c217200000) (1024K)]
  0x000001f493b1e1f0 JavaThread "RMI TCP Accept-53490"       daemon [_thread_in_native, id=15776, stack(0x000000c217200000,0x000000c217300000) (1024K)]
  0x000001f493bf6280 JavaThread "RMI TCP Accept-0"           daemon [_thread_in_native, id=33544, stack(0x000000c217c00000,0x000000c217d00000) (1024K)]
  0x000001f493ea9e70 JavaThread "RMI TCP Connection(idle)"   daemon [_thread_blocked, id=31476, stack(0x000000c217d00000,0x000000c217e00000) (1024K)]
  0x000001f493ff8210 JavaThread "RMI Scheduler(0)"           daemon [_thread_blocked, id=31068, stack(0x000000c217e00000,0x000000c217f00000) (1024K)]
  0x000001f493ff8880 JavaThread "RMI TCP Connection(idle)"   daemon [_thread_blocked, id=31772, stack(0x000000c217f00000,0x000000c218000000) (1024K)]
  0x000001f493ffcf00 JavaThread "JMX server connection timeout 48" daemon [_thread_blocked, id=26132, stack(0x000000c218000000,0x000000c218100000) (1024K)]
  0x000001f4940b8760 JavaThread "Jndi-Dns-address-change-listener" daemon [_thread_in_native, id=33240, stack(0x000000c219300000,0x000000c219400000) (1024K)]
  0x000001f4959db0b0 JavaThread "Live Reload Server"         daemon [_thread_in_native, id=33768, stack(0x000000c21a100000,0x000000c21a200000) (1024K)]
  0x000001f495d53be0 JavaThread "DestroyJavaVM"                     [_thread_blocked, id=31428, stack(0x000000c215a00000,0x000000c215b00000) (1024K)]
  0x000001f495d55cb0 JavaThread "Thread-5"                          [_thread_blocked, id=17412, stack(0x000000c216900000,0x000000c216a00000) (1024K)]
  0x000001f495d521a0 JavaThread "parallel-1"                 daemon [_thread_blocked, id=10880, stack(0x000000c218700000,0x000000c218800000) (1024K)]
=>0x000001f4940ba830 JavaThread "restartedMain"                     [_thread_in_Java, id=6168, stack(0x000000c218200000,0x000000c218300000) (1024K)]
  0x000001f4940b8df0 JavaThread "Catalina-utility-1"                [_thread_blocked, id=29804, stack(0x000000c218900000,0x000000c218a00000) (1024K)]
  0x000001f4940baec0 JavaThread "Catalina-utility-2"                [_thread_blocked, id=33564, stack(0x000000c218a00000,0x000000c218b00000) (1024K)]
  0x000001f4940ba1a0 JavaThread "container-0"                       [_thread_blocked, id=22636, stack(0x000000c218b00000,0x000000c218c00000) (1024K)]
Total: 28

Other Threads:
  0x000001f44db85700 VMThread "VM Thread"                           [id=30380, stack(0x000000c216100000,0x000000c216200000) (1024K)]
  0x000001f44db6ee30 WatcherThread "VM Periodic Task Thread"        [id=33012, stack(0x000000c216000000,0x000000c216100000) (1024K)]
  0x000001f43a23f140 WorkerThread "GC Thread#0"                     [id=29308, stack(0x000000c215b00000,0x000000c215c00000) (1024K)]
  0x000001f493bb81f0 WorkerThread "GC Thread#1"                     [id=28528, stack(0x000000c217300000,0x000000c217400000) (1024K)]
  0x000001f493bb8590 WorkerThread "GC Thread#2"                     [id=25316, stack(0x000000c217400000,0x000000c217500000) (1024K)]
  0x000001f493bb8930 WorkerThread "GC Thread#3"                     [id=16232, stack(0x000000c217500000,0x000000c217600000) (1024K)]
  0x000001f493bb94e0 WorkerThread "GC Thread#4"                     [id=32116, stack(0x000000c217600000,0x000000c217700000) (1024K)]
  0x000001f493bb9880 WorkerThread "GC Thread#5"                     [id=6596, stack(0x000000c217700000,0x000000c217800000) (1024K)]
  0x000001f493bd98b0 WorkerThread "GC Thread#6"                     [id=12552, stack(0x000000c217800000,0x000000c217900000) (1024K)]
  0x000001f493bd9c50 WorkerThread "GC Thread#7"                     [id=30736, stack(0x000000c217900000,0x000000c217a00000) (1024K)]
  0x000001f493bdc000 WorkerThread "GC Thread#8"                     [id=13824, stack(0x000000c217a00000,0x000000c217b00000) (1024K)]
  0x000001f493bdcc40 WorkerThread "GC Thread#9"                     [id=31316, stack(0x000000c217b00000,0x000000c217c00000) (1024K)]
  0x000001f493bdcfe0 WorkerThread "GC Thread#10"                    [id=4148, stack(0x000000c218300000,0x000000c218400000) (1024K)]
  0x000001f493bdd380 WorkerThread "GC Thread#11"                    [id=26012, stack(0x000000c218400000,0x000000c218500000) (1024K)]
  0x000001f493bdc8a0 WorkerThread "GC Thread#12"                    [id=32384, stack(0x000000c218500000,0x000000c218600000) (1024K)]
  0x000001f43a250b50 ConcurrentGCThread "G1 Main Marker"            [id=25332, stack(0x000000c215c00000,0x000000c215d00000) (1024K)]
  0x000001f43a2523e0 WorkerThread "G1 Conc#0"                       [id=31560, stack(0x000000c215d00000,0x000000c215e00000) (1024K)]
  0x000001f493bdd720 WorkerThread "G1 Conc#1"                       [id=14608, stack(0x000000c218f00000,0x000000c219000000) (1024K)]
  0x000001f493bdde60 WorkerThread "G1 Conc#2"                       [id=27596, stack(0x000000c219000000,0x000000c219100000) (1024K)]
  0x000001f44da3d120 ConcurrentGCThread "G1 Refine#0"               [id=13916, stack(0x000000c215e00000,0x000000c215f00000) (1024K)]
  0x000001f44da3dba0 ConcurrentGCThread "G1 Service"                [id=14364, stack(0x000000c215f00000,0x000000c216000000) (1024K)]
Total: 21

Threads with active compile tasks:
Total: 0

VM state: not at safepoint (normal execution)

VM Mutex/Monitor currently owned by a thread: None

Heap address: 0x0000000704e00000, size: 4018 MB, Compressed Oops mode: Zero based, Oop shift amount: 3

CDS archive(s) mapped at: [0x000001f44e000000-0x000001f44ec90000-0x000001f44ec90000), size 13172736, SharedBaseAddress: 0x000001f44e000000, ArchiveRelocationMode: 1.
Compressed class space mapped at: 0x000001f44f000000-0x000001f48f000000, reserved size: 1073741824
Narrow klass base: 0x000001f44e000000, Narrow klass shift: 0, Narrow klass range: 0x100000000

GC Precious Log:
 CardTable entry size: 512
 Card Set container configuration: InlinePtr #cards 4 size 8 Array Of Cards #cards 16 size 48 Howl #buckets 8 coarsen threshold 3686 Howl Bitmap #cards 512 size 80 coarsen threshold 460 Card regions per heap region 1 cards per card region 4096
 CPUs: 16 total, 16 available
 Memory: 16068M
 Large Page Support: Disabled
 NUMA Support: Disabled
 Compressed Oops: Enabled (Zero based)
 Heap Region Size: 2M
 Heap Min Capacity: 8M
 Heap Initial Capacity: 252M
 Heap Max Capacity: 4018M
 Pre-touch: Disabled
 Parallel Workers: 13
 Concurrent Workers: 3
 Concurrent Refinement Workers: 13
 Periodic GC: Disabled

Heap:
 garbage-first heap   total 157696K, used 88588K [0x0000000704e00000, 0x0000000800000000)
  region size 2048K, 16 young (32768K), 0 survivors (0K)
 Metaspace       used 49318K, committed 49984K, reserved 1114112K
  class space    used 6753K, committed 7040K, reserved 1048576K

Heap Regions: E=young(eden), S=young(survivor), O=old, HS=humongous(starts), HC=humongous(continues), CS=collection set, F=free, TAMS=top-at-mark-start, PB=parsable bottom
|   0|0x0000000704e00000, 0x0000000704ffffc8, 0x0000000705000000| 99%| O|  |TAMS 0x0000000704e00000| PB 0x0000000704e00000| Untracked 
|   1|0x0000000705000000, 0x0000000705200000, 0x0000000705200000|100%| O|  |TAMS 0x0000000705000000| PB 0x0000000705000000| Untracked 
|   2|0x0000000705200000, 0x00000007053fffd8, 0x0000000705400000| 99%| O|  |TAMS 0x0000000705200000| PB 0x0000000705200000| Untracked 
|   3|0x0000000705400000, 0x0000000705600000, 0x0000000705600000|100%| O|  |TAMS 0x0000000705400000| PB 0x0000000705400000| Untracked 
|   4|0x0000000705600000, 0x00000007057fffe8, 0x0000000705800000| 99%| O|  |TAMS 0x0000000705600000| PB 0x0000000705600000| Untracked 
|   5|0x0000000705800000, 0x00000007059465e8, 0x0000000705a00000| 63%| O|  |TAMS 0x0000000705800000| PB 0x0000000705800000| Untracked 
|   6|0x0000000705a00000, 0x0000000705bcdbc8, 0x0000000705c00000| 90%| O|  |TAMS 0x0000000705a00000| PB 0x0000000705a00000| Untracked 
|   7|0x0000000705c00000, 0x0000000705dc3128, 0x0000000705e00000| 88%| O|  |TAMS 0x0000000705c00000| PB 0x0000000705c00000| Untracked 
|   8|0x0000000705e00000, 0x0000000706000000, 0x0000000706000000|100%| O|  |TAMS 0x0000000705e00000| PB 0x0000000705e00000| Untracked 
|   9|0x0000000706000000, 0x0000000706200000, 0x0000000706200000|100%|HS|  |TAMS 0x0000000706000000| PB 0x0000000706000000| Untracked 
|  10|0x0000000706200000, 0x0000000706400000, 0x0000000706400000|100%|HC|  |TAMS 0x0000000706200000| PB 0x0000000706200000| Untracked 
|  11|0x0000000706400000, 0x0000000706600000, 0x0000000706600000|100%|HC|  |TAMS 0x0000000706400000| PB 0x0000000706400000| Untracked 
|  12|0x0000000706600000, 0x0000000706800000, 0x0000000706800000|100%|HS|  |TAMS 0x0000000706600000| PB 0x0000000706600000| Untracked 
|  13|0x0000000706800000, 0x0000000706a00000, 0x0000000706a00000|100%|HC|  |TAMS 0x0000000706800000| PB 0x0000000706800000| Untracked 
|  14|0x0000000706a00000, 0x0000000706c00000, 0x0000000706c00000|100%|HC|  |TAMS 0x0000000706a00000| PB 0x0000000706a00000| Untracked 
|  15|0x0000000706c00000, 0x0000000706d5ff58, 0x0000000706e00000| 68%| O|  |TAMS 0x0000000706c00000| PB 0x0000000706c00000| Untracked 
|  16|0x0000000706e00000, 0x0000000707000000, 0x0000000707000000|100%|HS|  |TAMS 0x0000000706e00000| PB 0x0000000706e00000| Untracked 
|  17|0x0000000707000000, 0x0000000707200000, 0x0000000707200000|100%|HC|  |TAMS 0x0000000707000000| PB 0x0000000707000000| Untracked 
|  18|0x0000000707200000, 0x0000000707400000, 0x0000000707400000|100%|HC|  |TAMS 0x0000000707200000| PB 0x0000000707200000| Untracked 
|  19|0x0000000707400000, 0x0000000707600000, 0x0000000707600000|100%|HS|  |TAMS 0x0000000707400000| PB 0x0000000707400000| Untracked 
|  20|0x0000000707600000, 0x0000000707800000, 0x0000000707800000|100%|HC|  |TAMS 0x0000000707600000| PB 0x0000000707600000| Untracked 
|  21|0x0000000707800000, 0x0000000707a00000, 0x0000000707a00000|100%|HC|  |TAMS 0x0000000707800000| PB 0x0000000707800000| Untracked 
|  22|0x0000000707a00000, 0x0000000707c00000, 0x0000000707c00000|100%|HS|  |TAMS 0x0000000707a00000| PB 0x0000000707a00000| Untracked 
|  23|0x0000000707c00000, 0x0000000707e00000, 0x0000000707e00000|100%|HC|  |TAMS 0x0000000707c00000| PB 0x0000000707c00000| Untracked 
|  24|0x0000000707e00000, 0x0000000708000000, 0x0000000708000000|100%|HC|  |TAMS 0x0000000707e00000| PB 0x0000000707e00000| Untracked 
|  25|0x0000000708000000, 0x0000000708200000, 0x0000000708200000|100%|HS|  |TAMS 0x0000000708000000| PB 0x0000000708000000| Untracked 
|  26|0x0000000708200000, 0x0000000708400000, 0x0000000708400000|100%|HC|  |TAMS 0x0000000708200000| PB 0x0000000708200000| Untracked 
|  27|0x0000000708400000, 0x0000000708600000, 0x0000000708600000|100%|HC|  |TAMS 0x0000000708400000| PB 0x0000000708400000| Untracked 
|  28|0x0000000708600000, 0x00000007087aac48, 0x0000000708800000| 83%| O|  |TAMS 0x0000000708600000| PB 0x0000000708600000| Untracked 
|  29|0x0000000708800000, 0x0000000708800000, 0x0000000708a00000|  0%| F|  |TAMS 0x0000000708800000| PB 0x0000000708800000| Untracked 
|  30|0x0000000708a00000, 0x0000000708a00000, 0x0000000708c00000|  0%| F|  |TAMS 0x0000000708a00000| PB 0x0000000708a00000| Untracked 
|  31|0x0000000708c00000, 0x0000000708c00000, 0x0000000708e00000|  0%| F|  |TAMS 0x0000000708c00000| PB 0x0000000708c00000| Untracked 
|  32|0x0000000708e00000, 0x0000000708ea1388, 0x0000000709000000| 31%| O|  |TAMS 0x0000000708e00000| PB 0x0000000708e00000| Untracked 
|  33|0x0000000709000000, 0x0000000709000000, 0x0000000709200000|  0%| F|  |TAMS 0x0000000709000000| PB 0x0000000709000000| Untracked 
|  34|0x0000000709200000, 0x0000000709200000, 0x0000000709400000|  0%| F|  |TAMS 0x0000000709200000| PB 0x0000000709200000| Untracked 
|  35|0x0000000709400000, 0x0000000709400000, 0x0000000709600000|  0%| F|  |TAMS 0x0000000709400000| PB 0x0000000709400000| Untracked 
|  36|0x0000000709600000, 0x0000000709600000, 0x0000000709800000|  0%| F|  |TAMS 0x0000000709600000| PB 0x0000000709600000| Untracked 
|  37|0x0000000709800000, 0x0000000709800000, 0x0000000709a00000|  0%| F|  |TAMS 0x0000000709800000| PB 0x0000000709800000| Untracked 
|  38|0x0000000709a00000, 0x0000000709a00000, 0x0000000709c00000|  0%| F|  |TAMS 0x0000000709a00000| PB 0x0000000709a00000| Untracked 
|  39|0x0000000709c00000, 0x0000000709c00000, 0x0000000709e00000|  0%| F|  |TAMS 0x0000000709c00000| PB 0x0000000709c00000| Untracked 
|  40|0x0000000709e00000, 0x0000000709e00000, 0x000000070a000000|  0%| F|  |TAMS 0x0000000709e00000| PB 0x0000000709e00000| Untracked 
|  41|0x000000070a000000, 0x000000070a000000, 0x000000070a200000|  0%| F|  |TAMS 0x000000070a000000| PB 0x000000070a000000| Untracked 
|  42|0x000000070a200000, 0x000000070a200000, 0x000000070a400000|  0%| F|  |TAMS 0x000000070a200000| PB 0x000000070a200000| Untracked 
|  43|0x000000070a400000, 0x000000070a400000, 0x000000070a600000|  0%| F|  |TAMS 0x000000070a400000| PB 0x000000070a400000| Untracked 
|  44|0x000000070a600000, 0x000000070a600000, 0x000000070a800000|  0%| F|  |TAMS 0x000000070a600000| PB 0x000000070a600000| Untracked 
|  45|0x000000070a800000, 0x000000070a800000, 0x000000070aa00000|  0%| F|  |TAMS 0x000000070a800000| PB 0x000000070a800000| Untracked 
|  46|0x000000070aa00000, 0x000000070aa00000, 0x000000070ac00000|  0%| F|  |TAMS 0x000000070aa00000| PB 0x000000070aa00000| Untracked 
|  47|0x000000070ac00000, 0x000000070ac00000, 0x000000070ae00000|  0%| F|  |TAMS 0x000000070ac00000| PB 0x000000070ac00000| Untracked 
|  48|0x000000070ae00000, 0x000000070ae00000, 0x000000070b000000|  0%| F|  |TAMS 0x000000070ae00000| PB 0x000000070ae00000| Untracked 
|  49|0x000000070b000000, 0x000000070b000000, 0x000000070b200000|  0%| F|  |TAMS 0x000000070b000000| PB 0x000000070b000000| Untracked 
|  50|0x000000070b200000, 0x000000070b200000, 0x000000070b400000|  0%| F|  |TAMS 0x000000070b200000| PB 0x000000070b200000| Untracked 
|  51|0x000000070b400000, 0x000000070b400000, 0x000000070b600000|  0%| F|  |TAMS 0x000000070b400000| PB 0x000000070b400000| Untracked 
|  52|0x000000070b600000, 0x000000070b600000, 0x000000070b800000|  0%| F|  |TAMS 0x000000070b600000| PB 0x000000070b600000| Untracked 
|  53|0x000000070b800000, 0x000000070b800000, 0x000000070ba00000|  0%| F|  |TAMS 0x000000070b800000| PB 0x000000070b800000| Untracked 
|  54|0x000000070ba00000, 0x000000070ba00000, 0x000000070bc00000|  0%| F|  |TAMS 0x000000070ba00000| PB 0x000000070ba00000| Untracked 
|  55|0x000000070bc00000, 0x000000070bc00000, 0x000000070be00000|  0%| F|  |TAMS 0x000000070bc00000| PB 0x000000070bc00000| Untracked 
|  56|0x000000070be00000, 0x000000070be00000, 0x000000070c000000|  0%| F|  |TAMS 0x000000070be00000| PB 0x000000070be00000| Untracked 
|  57|0x000000070c000000, 0x000000070c000000, 0x000000070c200000|  0%| F|  |TAMS 0x000000070c000000| PB 0x000000070c000000| Untracked 
|  58|0x000000070c200000, 0x000000070c200000, 0x000000070c400000|  0%| F|  |TAMS 0x000000070c200000| PB 0x000000070c200000| Untracked 
|  59|0x000000070c400000, 0x000000070c400000, 0x000000070c600000|  0%| F|  |TAMS 0x000000070c400000| PB 0x000000070c400000| Untracked 
|  60|0x000000070c600000, 0x000000070c600000, 0x000000070c800000|  0%| F|  |TAMS 0x000000070c600000| PB 0x000000070c600000| Untracked 
|  61|0x000000070c800000, 0x000000070ca00000, 0x000000070ca00000|100%| E|  |TAMS 0x000000070c800000| PB 0x000000070c800000| Complete 
|  62|0x000000070ca00000, 0x000000070cc00000, 0x000000070cc00000|100%| E|CS|TAMS 0x000000070ca00000| PB 0x000000070ca00000| Complete 
|  63|0x000000070cc00000, 0x000000070ce00000, 0x000000070ce00000|100%| E|CS|TAMS 0x000000070cc00000| PB 0x000000070cc00000| Complete 
|  64|0x000000070ce00000, 0x000000070d000000, 0x000000070d000000|100%| E|CS|TAMS 0x000000070ce00000| PB 0x000000070ce00000| Complete 
|  65|0x000000070d000000, 0x000000070d200000, 0x000000070d200000|100%| E|CS|TAMS 0x000000070d000000| PB 0x000000070d000000| Complete 
|  66|0x000000070d200000, 0x000000070d400000, 0x000000070d400000|100%| E|CS|TAMS 0x000000070d200000| PB 0x000000070d200000| Complete 
|  67|0x000000070d400000, 0x000000070d600000, 0x000000070d600000|100%| E|CS|TAMS 0x000000070d400000| PB 0x000000070d400000| Complete 
|  68|0x000000070d600000, 0x000000070d800000, 0x000000070d800000|100%| E|CS|TAMS 0x000000070d600000| PB 0x000000070d600000| Complete 
|  69|0x000000070d800000, 0x000000070da00000, 0x000000070da00000|100%| E|CS|TAMS 0x000000070d800000| PB 0x000000070d800000| Complete 
|  70|0x000000070da00000, 0x000000070dc00000, 0x000000070dc00000|100%| E|CS|TAMS 0x000000070da00000| PB 0x000000070da00000| Complete 
|  71|0x000000070dc00000, 0x000000070de00000, 0x000000070de00000|100%| E|CS|TAMS 0x000000070dc00000| PB 0x000000070dc00000| Complete 
|  72|0x000000070de00000, 0x000000070e000000, 0x000000070e000000|100%| E|CS|TAMS 0x000000070de00000| PB 0x000000070de00000| Complete 
|  73|0x000000070e000000, 0x000000070e200000, 0x000000070e200000|100%| E|CS|TAMS 0x000000070e000000| PB 0x000000070e000000| Complete 
|  74|0x000000070e200000, 0x000000070e400000, 0x000000070e400000|100%| E|CS|TAMS 0x000000070e200000| PB 0x000000070e200000| Complete 
|  75|0x000000070e400000, 0x000000070e600000, 0x000000070e600000|100%| E|CS|TAMS 0x000000070e400000| PB 0x000000070e400000| Complete 
| 125|0x0000000714800000, 0x0000000714a00000, 0x0000000714a00000|100%| E|CS|TAMS 0x0000000714800000| PB 0x0000000714800000| Complete 

Card table byte_map: [0x000001f446470000,0x000001f446c50000] _byte_map_base: 0x000001f442c49000

Marking Bits: (CMBitMap*) 0x000001f43a23f750
 Bits: [0x000001f446c50000, 0x000001f44ab18000)

Polling page: 0x000001f437e40000

Metaspace:

Usage:
  Non-class:     41.57 MB used.
      Class:      6.59 MB used.
       Both:     48.16 MB used.

Virtual space:
  Non-class space:       64.00 MB reserved,      41.94 MB ( 66%) committed,  1 nodes.
      Class space:        1.00 GB reserved,       6.88 MB ( <1%) committed,  1 nodes.
             Both:        1.06 GB reserved,      48.81 MB (  4%) committed. 

Chunk freelists:
   Non-Class:  5.77 MB
       Class:  8.95 MB
        Both:  14.73 MB

MaxMetaspaceSize: unlimited
CompressedClassSpaceSize: 1.00 GB
Initial GC threshold: 21.00 MB
Current GC threshold: 80.88 MB
CDS: on
 - commit_granule_bytes: 65536.
 - commit_granule_words: 8192.
 - virtual_space_node_default_size: 8388608.
 - enlarge_chunks_in_place: 1.
 - use_allocation_guard: 0.


Internal statistics:

num_allocs_failed_limit: 6.
num_arena_births: 912.
num_arena_deaths: 8.
num_vsnodes_births: 2.
num_vsnodes_deaths: 0.
num_space_committed: 781.
num_space_uncommitted: 0.
num_chunks_returned_to_freelist: 18.
num_chunks_taken_from_freelist: 2549.
num_chunk_merges: 4.
num_chunk_splits: 1733.
num_chunks_enlarged: 1254.
num_inconsistent_stats: 0.

CodeCache: size=49152Kb used=11912Kb max_used=16790Kb free=37239Kb
 bounds [0x000001f442620000, 0x000001f443690000, 0x000001f445620000]
 total_blobs=6842 nmethods=6195 adapters=571
 compilation: enabled
              stopped_count=0, restarted_count=0
 full_count=0

Compilation events (20 events):
Event: 48.796 Thread 0x000001f495e9fc70 nmethod 6291 0x000001f44318ab10 code [0x000001f44318aca0, 0x000001f44318ad70]
Event: 48.796 Thread 0x000001f495e9fc70 6292       1       java.lang.Thread::threadState (11 bytes)
Event: 48.797 Thread 0x000001f495e9fc70 nmethod 6292 0x000001f44318a790 code [0x000001f44318a940, 0x000001f44318aa38]
Event: 48.797 Thread 0x000001f495e9fc70 6293       1       jdk.internal.misc.VM::toThreadState (68 bytes)
Event: 48.797 Thread 0x000001f495e9fc70 nmethod 6293 0x000001f44318a310 code [0x000001f44318a4e0, 0x000001f44318a718]
Event: 48.797 Thread 0x000001f495e9c5f0 nmethod 6290 0x000001f443189910 code [0x000001f443189b20, 0x000001f44318a058]
Event: 48.798 Thread 0x000001f44dbb9a20 nmethod 6288 0x000001f443188710 code [0x000001f4431889c0, 0x000001f443189398]
Event: 48.800 Thread 0x000001f495e9f5a0 nmethod 6287 0x000001f443183d90 code [0x000001f4431842c0, 0x000001f443186ae0]
Event: 48.800 Thread 0x000001f495e9f5a0 6294       1       org.springframework.boot.context.properties.bind.JavaBeanBinder$BeanProperties::addField (27 bytes)
Event: 48.800 Thread 0x000001f495e9f5a0 nmethod 6294 0x000001f443183910 code [0x000001f443183ac0, 0x000001f443183c90]
Event: 48.800 Thread 0x000001f495e9fc70 6295       1       org.springframework.beans.factory.config.DependencyDescriptor::isEager (5 bytes)
Event: 48.800 Thread 0x000001f495e9fc70 nmethod 6295 0x000001f443183610 code [0x000001f4431837a0, 0x000001f443183870]
Event: 48.804 Thread 0x000001f495e9fc70 6296       1       java.lang.reflect.ProxyGenerator$ProxyMethod::<init> (44 bytes)
Event: 48.804 Thread 0x000001f495e9f5a0 6297       1       java.lang.reflect.ProxyGenerator$$Lambda/0x000001f44f03da38::apply (8 bytes)
Event: 48.804 Thread 0x000001f495e9c5f0 6298       1       java.lang.reflect.ProxyGenerator::lambda$addProxyMethod$0 (9 bytes)
Event: 48.804 Thread 0x000001f495e9f5a0 nmethod 6297 0x000001f443183210 code [0x000001f4431833c0, 0x000001f443183558]
Event: 48.804 Thread 0x000001f495e9c5f0 nmethod 6298 0x000001f443182e90 code [0x000001f443183040, 0x000001f443183170]
Event: 48.804 Thread 0x000001f495e9fc70 nmethod 6296 0x000001f443182890 code [0x000001f443182a40, 0x000001f443182dd0]
Event: 61.025 Thread 0x000001f44dbb9a20 6299       1       java.io.ObjectInputStream$BlockDataInputStream::setBlockDataMode (74 bytes)
Event: 61.026 Thread 0x000001f44dbb9a20 nmethod 6299 0x000001f4427ccd90 code [0x000001f4427ccf40, 0x000001f4427cd140]

GC Heap History (20 events):
Event: 1.716 GC heap before
{Heap before GC invocations=4 (full 0):
 garbage-first heap   total 49152K, used 46721K [0x0000000704e00000, 0x0000000800000000)
  region size 2048K, 21 young (43008K), 2 survivors (4096K)
 Metaspace       used 19748K, committed 20160K, reserved 1114112K
  class space    used 2566K, committed 2752K, reserved 1048576K
}
Event: 1.719 GC heap after
{Heap after GC invocations=5 (full 0):
 garbage-first heap   total 55296K, used 10600K [0x0000000704e00000, 0x0000000800000000)
  region size 2048K, 3 young (6144K), 3 survivors (6144K)
 Metaspace       used 19748K, committed 20160K, reserved 1114112K
  class space    used 2566K, committed 2752K, reserved 1048576K
}
Event: 1.797 GC heap before
{Heap before GC invocations=5 (full 0):
 garbage-first heap   total 55296K, used 35176K [0x0000000704e00000, 0x0000000800000000)
  region size 2048K, 16 young (32768K), 3 survivors (6144K)
 Metaspace       used 21911K, committed 22336K, reserved 1114112K
  class space    used 2818K, committed 3008K, reserved 1048576K
}
Event: 1.803 GC heap after
{Heap after GC invocations=6 (full 0):
 garbage-first heap   total 55296K, used 11638K [0x0000000704e00000, 0x0000000800000000)
  region size 2048K, 2 young (4096K), 2 survivors (4096K)
 Metaspace       used 21911K, committed 22336K, reserved 1114112K
  class space    used 2818K, committed 3008K, reserved 1048576K
}
Event: 2.263 GC heap before
{Heap before GC invocations=6 (full 0):
 garbage-first heap   total 55296K, used 38262K [0x0000000704e00000, 0x0000000800000000)
  region size 2048K, 16 young (32768K), 2 survivors (4096K)
 Metaspace       used 23140K, committed 23680K, reserved 1114112K
  class space    used 3013K, committed 3264K, reserved 1048576K
}
Event: 2.268 GC heap after
{Heap after GC invocations=7 (full 0):
 garbage-first heap   total 157696K, used 12724K [0x0000000704e00000, 0x0000000800000000)
  region size 2048K, 2 young (4096K), 2 survivors (4096K)
 Metaspace       used 23140K, committed 23680K, reserved 1114112K
  class space    used 3013K, committed 3264K, reserved 1048576K
}
Event: 2.922 GC heap before
{Heap before GC invocations=7 (full 0):
 garbage-first heap   total 157696K, used 78260K [0x0000000704e00000, 0x0000000800000000)
  region size 2048K, 35 young (71680K), 2 survivors (4096K)
 Metaspace       used 28145K, committed 28608K, reserved 1114112K
  class space    used 3759K, committed 3968K, reserved 1048576K
}
Event: 2.930 GC heap after
{Heap after GC invocations=8 (full 0):
 garbage-first heap   total 157696K, used 15527K [0x0000000704e00000, 0x0000000800000000)
  region size 2048K, 3 young (6144K), 3 survivors (6144K)
 Metaspace       used 28145K, committed 28608K, reserved 1114112K
  class space    used 3759K, committed 3968K, reserved 1048576K
}
Event: 3.215 GC heap before
{Heap before GC invocations=9 (full 0):
 garbage-first heap   total 61440K, used 46247K [0x0000000704e00000, 0x0000000800000000)
  region size 2048K, 18 young (36864K), 3 survivors (6144K)
 Metaspace       used 30471K, committed 31040K, reserved 1114112K
  class space    used 4059K, committed 4352K, reserved 1048576K
}
Event: 3.221 GC heap after
{Heap after GC invocations=10 (full 0):
 garbage-first heap   total 61440K, used 17234K [0x0000000704e00000, 0x0000000800000000)
  region size 2048K, 3 young (6144K), 3 survivors (6144K)
 Metaspace       used 30471K, committed 31040K, reserved 1114112K
  class space    used 4059K, committed 4352K, reserved 1048576K
}
Event: 3.506 GC heap before
{Heap before GC invocations=10 (full 0):
 garbage-first heap   total 61440K, used 47954K [0x0000000704e00000, 0x0000000800000000)
  region size 2048K, 18 young (36864K), 3 survivors (6144K)
 Metaspace       used 32991K, committed 33600K, reserved 1114112K
  class space    used 4516K, committed 4800K, reserved 1048576K
}
Event: 3.513 GC heap after
{Heap after GC invocations=11 (full 0):
 garbage-first heap   total 61440K, used 18431K [0x0000000704e00000, 0x0000000800000000)
  region size 2048K, 2 young (4096K), 2 survivors (4096K)
 Metaspace       used 32991K, committed 33600K, reserved 1114112K
  class space    used 4516K, committed 4800K, reserved 1048576K
}
Event: 3.903 GC heap before
{Heap before GC invocations=11 (full 0):
 garbage-first heap   total 61440K, used 51199K [0x0000000704e00000, 0x0000000800000000)
  region size 2048K, 18 young (36864K), 2 survivors (4096K)
 Metaspace       used 36915K, committed 37504K, reserved 1114112K
  class space    used 5030K, committed 5312K, reserved 1048576K
}
Event: 3.908 GC heap after
{Heap after GC invocations=12 (full 0):
 garbage-first heap   total 61440K, used 19840K [0x0000000704e00000, 0x0000000800000000)
  region size 2048K, 3 young (6144K), 3 survivors (6144K)
 Metaspace       used 36915K, committed 37504K, reserved 1114112K
  class space    used 5030K, committed 5312K, reserved 1048576K
}
Event: 4.147 GC heap before
{Heap before GC invocations=12 (full 0):
 garbage-first heap   total 61440K, used 46464K [0x0000000704e00000, 0x0000000800000000)
  region size 2048K, 17 young (34816K), 3 survivors (6144K)
 Metaspace       used 39830K, committed 40384K, reserved 1114112K
  class space    used 5412K, committed 5632K, reserved 1048576K
}
Event: 4.150 GC heap after
{Heap after GC invocations=13 (full 0):
 garbage-first heap   total 159744K, used 21162K [0x0000000704e00000, 0x0000000800000000)
  region size 2048K, 3 young (6144K), 3 survivors (6144K)
 Metaspace       used 39830K, committed 40384K, reserved 1114112K
  class space    used 5412K, committed 5632K, reserved 1048576K
}
Event: 4.519 GC heap before
{Heap before GC invocations=13 (full 0):
 garbage-first heap   total 159744K, used 96938K [0x0000000704e00000, 0x0000000800000000)
  region size 2048K, 33 young (67584K), 3 survivors (6144K)
 Metaspace       used 47125K, committed 47808K, reserved 1114112K
  class space    used 6398K, committed 6720K, reserved 1048576K
}
Event: 4.526 GC heap after
{Heap after GC invocations=14 (full 0):
 garbage-first heap   total 159744K, used 43069K [0x0000000704e00000, 0x0000000800000000)
  region size 2048K, 4 young (8192K), 4 survivors (8192K)
 Metaspace       used 47125K, committed 47808K, reserved 1114112K
  class space    used 6398K, committed 6720K, reserved 1048576K
}
Event: 48.410 GC heap before
{Heap before GC invocations=15 (full 0):
 garbage-first heap   total 157696K, used 77885K [0x0000000704e00000, 0x0000000800000000)
  region size 2048K, 14 young (28672K), 4 survivors (8192K)
 Metaspace       used 48998K, committed 49664K, reserved 1114112K
  class space    used 6690K, committed 6976K, reserved 1048576K
}
Event: 48.450 GC heap after
{Heap after GC invocations=16 (full 1):
 garbage-first heap   total 157696K, used 57868K [0x0000000704e00000, 0x0000000800000000)
  region size 2048K, 0 young (0K), 0 survivors (0K)
 Metaspace       used 48991K, committed 49664K, reserved 1114112K
  class space    used 6688K, committed 6976K, reserved 1048576K
}

Dll operation events (12 events):
Event: 0.012 Loaded shared library C:\Program Files\Java\jdk-21\bin\java.dll
Event: 0.209 Loaded shared library C:\Program Files\Java\jdk-21\bin\zip.dll
Event: 0.223 Loaded shared library C:\Program Files\Java\jdk-21\bin\instrument.dll
Event: 0.230 Loaded shared library C:\Program Files\Java\jdk-21\bin\net.dll
Event: 0.232 Loaded shared library C:\Program Files\Java\jdk-21\bin\nio.dll
Event: 0.236 Loaded shared library C:\Program Files\Java\jdk-21\bin\zip.dll
Event: 0.377 Loaded shared library C:\Program Files\Java\jdk-21\bin\jimage.dll
Event: 0.425 Loaded shared library C:\Program Files\Java\jdk-21\bin\management.dll
Event: 0.453 Loaded shared library C:\Program Files\Java\jdk-21\bin\management_ext.dll
Event: 0.722 Loaded shared library C:\Program Files\Java\jdk-21\bin\extnet.dll
Event: 0.753 Loaded shared library C:\Program Files\Java\jdk-21\bin\verify.dll
Event: 1.791 Loaded shared library C:\Program Files\Java\jdk-21\bin\sunmscapi.dll

Deoptimization events (20 events):
Event: 48.801 Thread 0x000001f4940ba830 DEOPT PACKING pc=0x000001f443313044 sp=0x000000c2182fcfa0
Event: 48.801 Thread 0x000001f4940ba830 DEOPT UNPACKING pc=0x000001f442674e42 sp=0x000000c2182fc500 mode 1
Event: 48.801 Thread 0x000001f4940ba830 DEOPT PACKING pc=0x000001f442fb597c sp=0x000000c2182fd0c0
Event: 48.801 Thread 0x000001f4940ba830 DEOPT UNPACKING pc=0x000001f442674e42 sp=0x000000c2182fc590 mode 1
Event: 48.801 Thread 0x000001f4940ba830 DEOPT PACKING pc=0x000001f443313044 sp=0x000000c2182fcf90
Event: 48.801 Thread 0x000001f4940ba830 DEOPT UNPACKING pc=0x000001f442674e42 sp=0x000000c2182fc508 mode 1
Event: 48.802 Thread 0x000001f4940ba830 DEOPT PACKING pc=0x000001f44327e66c sp=0x000000c2182f98f0
Event: 48.802 Thread 0x000001f4940ba830 DEOPT UNPACKING pc=0x000001f442674e42 sp=0x000000c2182f8e28 mode 1
Event: 48.802 Thread 0x000001f4940ba830 DEOPT PACKING pc=0x000001f44327f68c sp=0x000000c2182f99e0
Event: 48.802 Thread 0x000001f4940ba830 DEOPT UNPACKING pc=0x000001f442674e42 sp=0x000000c2182f8f90 mode 1
Event: 48.802 Thread 0x000001f4940ba830 DEOPT PACKING pc=0x000001f443281b4c sp=0x000000c2182f9b50
Event: 48.802 Thread 0x000001f4940ba830 DEOPT UNPACKING pc=0x000001f442674e42 sp=0x000000c2182f9110 mode 1
Event: 48.802 Thread 0x000001f4940ba830 DEOPT PACKING pc=0x000001f44327e66c sp=0x000000c2182f98f0
Event: 48.802 Thread 0x000001f4940ba830 DEOPT UNPACKING pc=0x000001f442674e42 sp=0x000000c2182f8e28 mode 1
Event: 48.802 Thread 0x000001f4940ba830 DEOPT PACKING pc=0x000001f44327f68c sp=0x000000c2182f99e0
Event: 48.802 Thread 0x000001f4940ba830 DEOPT UNPACKING pc=0x000001f442674e42 sp=0x000000c2182f8f90 mode 1
Event: 48.802 Thread 0x000001f4940ba830 DEOPT PACKING pc=0x000001f443281b4c sp=0x000000c2182f9b50
Event: 48.802 Thread 0x000001f4940ba830 DEOPT UNPACKING pc=0x000001f442674e42 sp=0x000000c2182f9110 mode 1
Event: 80.975 Thread 0x000001f4940ba830 DEOPT PACKING pc=0x000001f442a4cb34 sp=0x000000c2182fdba0
Event: 80.975 Thread 0x000001f4940ba830 DEOPT UNPACKING pc=0x000001f442674e42 sp=0x000000c2182fd058 mode 0

Classes loaded (20 events):
Event: 46.295 Loading class sun/net/spi/DefaultProxySelector$NonProxyInfo
Event: 46.295 Loading class sun/net/spi/DefaultProxySelector$NonProxyInfo done
Event: 46.295 Loading class sun/net/spi/DefaultProxySelector$3
Event: 46.296 Loading class sun/net/spi/DefaultProxySelector$3 done
Event: 46.319 Loading class java/util/concurrent/ConcurrentHashMap$EntrySpliterator
Event: 46.319 Loading class java/util/concurrent/ConcurrentHashMap$EntrySpliterator done
Event: 46.322 Loading class sun/security/ssl/Alert
Event: 46.323 Loading class sun/security/ssl/Alert done
Event: 46.323 Loading class sun/security/ssl/Alert$AlertConsumer
Event: 46.324 Loading class sun/security/ssl/Alert$AlertConsumer done
Event: 46.324 Loading class sun/security/ssl/Alert$Level
Event: 46.324 Loading class sun/security/ssl/Alert$Level done
Event: 48.450 Loading class java/lang/ref/Finalizer$2
Event: 48.450 Loading class java/lang/ref/Finalizer$2 done
Event: 48.450 Loading class java/lang/ref/Finalizer$1
Event: 48.451 Loading class java/lang/ref/Finalizer$1 done
Event: 48.693 Loading class java/util/stream/ReferencePipeline$15
Event: 48.693 Loading class java/util/stream/ReferencePipeline$15 done
Event: 48.693 Loading class java/util/stream/ReferencePipeline$15$1
Event: 48.693 Loading class java/util/stream/ReferencePipeline$15$1 done

Classes unloaded (4 events):
Event: 48.423 Thread 0x000001f44db85700 Unloading class 0x000001f44f6a4800 'java/lang/invoke/LambdaForm$DMH+0x000001f44f6a4800'
Event: 48.423 Thread 0x000001f44db85700 Unloading class 0x000001f44f6a4400 'java/lang/invoke/LambdaForm$DMH+0x000001f44f6a4400'
Event: 48.423 Thread 0x000001f44db85700 Unloading class 0x000001f44f5c0800 'java/lang/invoke/LambdaForm$DMH+0x000001f44f5c0800'
Event: 48.423 Thread 0x000001f44db85700 Unloading class 0x000001f44f5c0400 'java/lang/invoke/LambdaForm$DMH+0x000001f44f5c0400'

Classes redefined (1 events):
Event: 80.992 Thread 0x000001f44db85700 redefined class name=com.library.system.EmployeeController, count=1

Internal exceptions (20 events):
Event: 4.169 Thread 0x000001f4959d61f0 Exception <a 'java/lang/NoSuchMethodError'{0x000000070e45a760}: 'java.lang.Object java.lang.invoke.DirectMethodHandle$Holder.invokeStatic(java.lang.Object, long, long)'> (0x000000070e45a760) 
thrown [s\open\src\hotspot\share\interpreter\linkResolver.cpp, line 773]
Event: 4.170 Thread 0x000001f4940b9b10 Exception <a 'java/lang/NoSuchMethodError'{0x000000070e4df710}: 'java.lang.Object java.lang.invoke.DirectMethodHandle$Holder.invokeInterface(java.lang.Object, java.lang.Object, long)'> (0x000000070e4df710) 
thrown [s\open\src\hotspot\share\interpreter\linkResolver.cpp, line 773]
Event: 4.170 Thread 0x000001f4959d61f0 Exception <a 'java/lang/NoSuchMethodError'{0x000000070e4e9328}: 'java.lang.Object java.lang.invoke.DirectMethodHandle$Holder.invokeInterface(java.lang.Object, java.lang.Object, long)'> (0x000000070e4e9328) 
thrown [s\open\src\hotspot\share\interpreter\linkResolver.cpp, line 773]
Event: 4.176 Thread 0x000001f4959d61f0 Exception <a 'java/lang/NoSuchMethodError'{0x000000070e22b5a0}: 'long java.lang.invoke.DelegatingMethodHandle$Holder.reinvoke_L(java.lang.Object, java.lang.Object)'> (0x000000070e22b5a0) 
thrown [s\open\src\hotspot\share\interpreter\linkResolver.cpp, line 773]
Event: 4.224 Thread 0x000001f4959d75a0 Exception <a 'sun/nio/fs/WindowsException'{0x000000070d8fe7c8}> (0x000000070d8fe7c8) 
thrown [s\open\src\hotspot\share\prims\jni.cpp, line 520]
Event: 4.233 Thread 0x000001f4940bb550 Exception <a 'java/lang/IncompatibleClassChangeError'{0x000000070d66a238}: Found class java.lang.Object, but interface was expected> (0x000000070d66a238) 
thrown [s\open\src\hotspot\share\interpreter\linkResolver.cpp, line 840]
Event: 4.375 Thread 0x000001f4940bb550 Exception <a 'java/lang/NoSuchMethodError'{0x000000070bcbb5a0}: 'java.lang.Object java.lang.invoke.DirectMethodHandle$Holder.newInvokeSpecial(java.lang.Object, java.lang.Object, int, java.lang.Object, java.lang.Object)'> (0x000000070bcbb5a0) 
thrown [s\open\src\hotspot\share\interpreter\linkResolver.cpp, line 773]
Event: 4.841 Thread 0x000001f4940b9b10 Exception <a 'java/lang/NoSuchMethodError'{0x000000070df64cd0}: 'void java.lang.invoke.DirectMethodHandle$Holder.invokeStatic(java.lang.Object, java.lang.Object, long)'> (0x000000070df64cd0) 
thrown [s\open\src\hotspot\share\interpreter\linkResolver.cpp, line 773]
Event: 4.841 Thread 0x000001f4959d61f0 Exception <a 'java/lang/NoSuchMethodError'{0x000000070de72778}: 'void java.lang.invoke.DirectMethodHandle$Holder.invokeStatic(java.lang.Object, java.lang.Object, long)'> (0x000000070de72778) 
thrown [s\open\src\hotspot\share\interpreter\linkResolver.cpp, line 773]
Event: 4.841 Thread 0x000001f4959d8fe0 Exception <a 'java/lang/NoSuchMethodError'{0x000000070dea9eb0}: 'void java.lang.invoke.DirectMethodHandle$Holder.invokeStatic(java.lang.Object, java.lang.Object, long)'> (0x000000070dea9eb0) 
thrown [s\open\src\hotspot\share\interpreter\linkResolver.cpp, line 773]
Event: 46.320 Thread 0x000001f4940bbbe0 Exception <a 'java/lang/InterruptedException'{0x000000070d615000}: sleep interrupted> (0x000000070d615000) 
thrown [s\open\src\hotspot\share\prims\jvm.cpp, line 3074]
Event: 46.322 Thread 0x000001f495d53550 Exception <a 'java/lang/InterruptedException'{0x000000070ddaaf40}: sleep interrupted> (0x000000070ddaaf40) 
thrown [s\open\src\hotspot\share\prims\jvm.cpp, line 3074]
Event: 46.323 Thread 0x000001f495d50760 Exception <a 'java/lang/InterruptedException'{0x000000070dd97250}: sleep interrupted> (0x000000070dd97250) 
thrown [s\open\src\hotspot\share\prims\jvm.cpp, line 3074]
Event: 46.324 Thread 0x000001f495d54270 Exception <a 'java/lang/InterruptedException'{0x000000070dd82240}: sleep interrupted> (0x000000070dd82240) 
thrown [s\open\src\hotspot\share\prims\jvm.cpp, line 3074]
Event: 48.409 Thread 0x000001f4940b9480 Exception <a 'java/lang/InterruptedException'{0x000000070d5e8788}: sleep interrupted> (0x000000070d5e8788) 
thrown [s\open\src\hotspot\share\prims\jvm.cpp, line 3074]
Event: 48.461 Thread 0x000001f4940ba830 Exception <a 'sun/nio/fs/WindowsException'{0x0000000714892690}> (0x0000000714892690) 
thrown [s\open\src\hotspot\share\prims\jni.cpp, line 520]
Event: 48.726 Thread 0x000001f4940ba830 Exception <a 'java/lang/NoClassDefFoundError'{0x000000070ce72ba0}: org/flywaydb/core/Flyway> (0x000000070ce72ba0) 
thrown [s\open\src\hotspot\share\oops\constantPool.cpp, line 871]
Event: 48.727 Thread 0x000001f4940ba830 Exception <a 'java/lang/NoClassDefFoundError'{0x000000070ce73200}: liquibase/integration/spring/SpringLiquibase> (0x000000070ce73200) 
thrown [s\open\src\hotspot\share\oops\constantPool.cpp, line 871]
Event: 48.773 Thread 0x000001f4940ba830 Exception <a 'java/io/FileNotFoundException'{0x000000070caf8ff0}> (0x000000070caf8ff0) 
thrown [s\open\src\hotspot\share\prims\jni.cpp, line 520]
Event: 48.796 Thread 0x000001f4940ba830 Exception <a 'java/io/FileNotFoundException'{0x000000070c8214b0}> (0x000000070c8214b0) 
thrown [s\open\src\hotspot\share\prims\jni.cpp, line 520]

ZGC Phase Switch (0 events):
No events

VM Operations (20 events):
Event: 59.961 Executing VM operation: get/set locals
Event: 59.961 Executing VM operation: get/set locals done
Event: 59.961 Executing VM operation: get/set locals
Event: 59.961 Executing VM operation: get/set locals done
Event: 59.962 Executing VM operation: get/set locals
Event: 59.962 Executing VM operation: get/set locals done
Event: 60.148 Executing VM operation: HandshakeAllThreads (HandshakeForDeflation)
Event: 60.148 Executing VM operation: HandshakeAllThreads (HandshakeForDeflation) done
Event: 60.148 Executing VM operation: RendezvousGCThreads
Event: 60.148 Executing VM operation: RendezvousGCThreads done
Event: 61.162 Executing VM operation: Cleanup
Event: 61.162 Executing VM operation: Cleanup done
Event: 80.975 Executing VM operation: ChangeSingleStep
Event: 80.975 Executing VM operation: ChangeSingleStep done
Event: 80.975 Executing VM operation: ChangeSingleStep
Event: 80.975 Executing VM operation: ChangeSingleStep done
Event: 80.987 Executing VM operation: RedefineClasses
Event: 81.004 Executing VM operation: RedefineClasses done
Event: 81.008 Executing VM operation: ChangeSingleStep
Event: 81.008 Executing VM operation: ChangeSingleStep done

Events (20 events):
Event: 48.432 Thread 0x000001f44db85700 flushing nmethod 0x000001f442bbed90
Event: 48.432 Thread 0x000001f44db85700 flushing nmethod 0x000001f442b74290
Event: 48.432 Thread 0x000001f44db85700 flushing nmethod 0x000001f442aa5f90
Event: 48.432 Thread 0x000001f44db85700 flushing nmethod 0x000001f442956b10
Event: 48.432 Thread 0x000001f44db85700 flushing nmethod 0x000001f4428f4610
Event: 48.432 Thread 0x000001f44db85700 flushing nmethod 0x000001f44273a710
Event: 48.451 Thread 0x000001f4940b8df0 Thread added: 0x000001f4940b8df0
Event: 48.451 Thread 0x000001f4940b8df0 Thread exited: 0x000001f4940b8df0
Event: 48.452 Thread 0x000001f4940ba830 Thread added: 0x000001f4940ba830
Event: 48.463 Thread 0x000001f495e9fc70 Thread added: 0x000001f495e9fc70
Event: 48.463 Thread 0x000001f495e9f5a0 Thread added: 0x000001f495e9f5a0
Event: 48.526 Thread 0x000001f4940baec0 Thread added: 0x000001f4940baec0
Event: 48.558 Thread 0x000001f4940baec0 Thread exited: 0x000001f4940baec0
Event: 48.796 Thread 0x000001f4940b8df0 Thread added: 0x000001f4940b8df0
Event: 48.797 Thread 0x000001f4940baec0 Thread added: 0x000001f4940baec0
Event: 48.797 Thread 0x000001f4940ba1a0 Thread added: 0x000001f4940ba1a0
Event: 49.389 Thread 0x000001f4940bb550 Thread exited: 0x000001f4940bb550
Event: 53.805 Thread 0x000001f495e9f5a0 Thread exited: 0x000001f495e9f5a0
Event: 53.805 Thread 0x000001f495e9fc70 Thread exited: 0x000001f495e9fc70
Event: 53.805 Thread 0x000001f495e9c5f0 Thread exited: 0x000001f495e9c5f0


Dynamic libraries:
0x00007ff7404a0000 - 0x00007ff7404b0000 	C:\Program Files\Java\jdk-21\bin\javaw.exe
0x00007fffcdb00000 - 0x00007fffcdd65000 	C:\WINDOWS\SYSTEM32\ntdll.dll
0x00007fffcc790000 - 0x00007fffcc859000 	C:\WINDOWS\System32\KERNEL32.DLL
0x00007fffcae30000 - 0x00007fffcb218000 	C:\WINDOWS\System32\KERNELBASE.dll
0x00007fffcace0000 - 0x00007fffcae2b000 	C:\WINDOWS\System32\ucrtbase.dll
0x00007fff689d0000 - 0x00007fff689e9000 	C:\Program Files\Java\jdk-21\bin\jli.dll
0x00007fff75f20000 - 0x00007fff75f3b000 	C:\Program Files\Java\jdk-21\bin\VCRUNTIME140.dll
0x00007fffcd830000 - 0x00007fffcd8e3000 	C:\WINDOWS\System32\ADVAPI32.dll
0x00007fffcc8c0000 - 0x00007fffcc969000 	C:\WINDOWS\System32\msvcrt.dll
0x00007fffcd780000 - 0x00007fffcd826000 	C:\WINDOWS\System32\sechost.dll
0x00007fffcd660000 - 0x00007fffcd775000 	C:\WINDOWS\System32\RPCRT4.dll
0x00007fffcd8f0000 - 0x00007fffcdaba000 	C:\WINDOWS\System32\USER32.dll
0x00007fffcb870000 - 0x00007fffcb897000 	C:\WINDOWS\System32\win32u.dll
0x00007fffcc760000 - 0x00007fffcc78b000 	C:\WINDOWS\System32\GDI32.dll
0x00007fffcb220000 - 0x00007fffcb357000 	C:\WINDOWS\System32\gdi32full.dll
0x00007fffaae80000 - 0x00007fffab11a000 	C:\WINDOWS\WinSxS\amd64_microsoft.windows.common-controls_6595b64144ccf1df_6.0.26100.4202_none_3e0698d4e335f517\COMCTL32.dll
0x00007fffcb400000 - 0x00007fffcb4a3000 	C:\WINDOWS\System32\msvcp_win.dll
0x00007fffb7d30000 - 0x00007fffb7d3b000 	C:\WINDOWS\SYSTEM32\VERSION.dll
0x00007fffcca90000 - 0x00007fffccac0000 	C:\WINDOWS\System32\IMM32.DLL
0x00007fffa0d80000 - 0x00007fffa0d8c000 	C:\Program Files\Java\jdk-21\bin\vcruntime140_1.dll
0x00007fff21d60000 - 0x00007fff21dee000 	C:\Program Files\Java\jdk-21\bin\msvcp140.dll
0x00007fff00be0000 - 0x00007fff018f5000 	C:\Program Files\Java\jdk-21\bin\server\jvm.dll
0x00007fffcd570000 - 0x00007fffcd5e4000 	C:\WINDOWS\System32\WS2_32.dll
0x00007fffc4af0000 - 0x00007fffc4b25000 	C:\WINDOWS\SYSTEM32\WINMM.dll
0x00007fffcaaa0000 - 0x00007fffcaafe000 	C:\WINDOWS\SYSTEM32\POWRPROF.dll
0x00007fffcaa80000 - 0x00007fffcaa94000 	C:\WINDOWS\SYSTEM32\UMPDC.dll
0x00007fffc9a10000 - 0x00007fffc9a2b000 	C:\WINDOWS\SYSTEM32\kernel.appcore.dll
0x00007fffa0d40000 - 0x00007fffa0d4a000 	C:\Program Files\Java\jdk-21\bin\jimage.dll
0x00007fffc8220000 - 0x00007fffc8461000 	C:\WINDOWS\SYSTEM32\DBGHELP.DLL
0x00007fffcbf30000 - 0x00007fffcc2b5000 	C:\WINDOWS\System32\combase.dll
0x00007fffcc570000 - 0x00007fffcc651000 	C:\WINDOWS\System32\OLEAUT32.dll
0x00007fffb9740000 - 0x00007fffb9779000 	C:\WINDOWS\SYSTEM32\dbgcore.DLL
0x00007fffcb360000 - 0x00007fffcb3f9000 	C:\WINDOWS\System32\bcryptPrimitives.dll
0x00007fff9c770000 - 0x00007fff9c7ac000 	C:\Program Files\Java\jdk-21\bin\jdwp.dll
0x00007fffa0d30000 - 0x00007fffa0d3f000 	C:\Program Files\Java\jdk-21\bin\instrument.dll
0x00007fff660b0000 - 0x00007fff660cf000 	C:\Program Files\Java\jdk-21\bin\java.dll
0x00007fffccd60000 - 0x00007fffcd4a2000 	C:\WINDOWS\System32\SHELL32.dll
0x00007fffcb6f0000 - 0x00007fffcb864000 	C:\WINDOWS\System32\wintypes.dll
0x00007fffc8720000 - 0x00007fffc8f78000 	C:\WINDOWS\SYSTEM32\windows.storage.dll
0x00007fffcc990000 - 0x00007fffcca81000 	C:\WINDOWS\System32\SHCORE.dll
0x00007fffcccc0000 - 0x00007fffccd2a000 	C:\WINDOWS\System32\shlwapi.dll
0x00007fffcab60000 - 0x00007fffcab8f000 	C:\WINDOWS\SYSTEM32\profapi.dll
0x00007fff9f620000 - 0x00007fff9f62c000 	C:\Program Files\Java\jdk-21\bin\dt_socket.dll
0x00007fffc94d0000 - 0x00007fffc9503000 	C:\WINDOWS\SYSTEM32\IPHLPAPI.DLL
0x00007fffc9f80000 - 0x00007fffc9fea000 	C:\WINDOWS\system32\mswsock.dll
0x00007fffc9510000 - 0x00007fffc9637000 	C:\WINDOWS\SYSTEM32\DNSAPI.dll
0x00007fffcccb0000 - 0x00007fffcccba000 	C:\WINDOWS\System32\NSI.dll
0x00007fffba260000 - 0x00007fffba26b000 	C:\Windows\System32\rasadhlp.dll
0x00007fffc4300000 - 0x00007fffc4386000 	C:\WINDOWS\System32\fwpuclnt.dll
0x00007fff65ac0000 - 0x00007fff65ad8000 	C:\Program Files\Java\jdk-21\bin\zip.dll
0x00007fff9f630000 - 0x00007fff9f640000 	C:\Program Files\Java\jdk-21\bin\net.dll
0x00007fffc3fc0000 - 0x00007fffc40de000 	C:\WINDOWS\SYSTEM32\WINHTTP.dll
0x00007fff66090000 - 0x00007fff660a6000 	C:\Program Files\Java\jdk-21\bin\nio.dll
0x00007fffa0d10000 - 0x00007fffa0d1a000 	C:\Program Files\Java\jdk-21\bin\management.dll
0x00007fff9f670000 - 0x00007fff9f67b000 	C:\Program Files\Java\jdk-21\bin\management_ext.dll
0x00007fffcc980000 - 0x00007fffcc988000 	C:\WINDOWS\System32\PSAPI.DLL
0x00007fff97d60000 - 0x00007fff97d78000 	C:\WINDOWS\system32\napinsp.dll
0x00007fff96750000 - 0x00007fff96762000 	C:\WINDOWS\System32\winrnr.dll
0x00007fff95f90000 - 0x00007fff95fc0000 	C:\WINDOWS\system32\nlansp_c.dll
0x00007fffb96f0000 - 0x00007fffb9710000 	C:\WINDOWS\system32\wshbth.dll
0x00007fffca230000 - 0x00007fffca24b000 	C:\WINDOWS\SYSTEM32\CRYPTSP.dll
0x00007fffc9970000 - 0x00007fffc99aa000 	C:\WINDOWS\system32\rsaenh.dll
0x00007fffca020000 - 0x00007fffca04b000 	C:\WINDOWS\SYSTEM32\USERENV.dll
0x00007fffcab30000 - 0x00007fffcab56000 	C:\WINDOWS\SYSTEM32\bcrypt.dll
0x00007fffca250000 - 0x00007fffca25c000 	C:\WINDOWS\SYSTEM32\CRYPTBASE.dll
0x00007fff9f4d0000 - 0x00007fff9f4d7000 	C:\Program Files\Java\jdk-21\bin\extnet.dll
0x00007fff9cb70000 - 0x00007fff9cb80000 	C:\Program Files\Java\jdk-21\bin\verify.dll
0x00007fffa0d70000 - 0x00007fffa0d7e000 	C:\Program Files\Java\jdk-21\bin\sunmscapi.dll
0x00007fffcb4b0000 - 0x00007fffcb627000 	C:\WINDOWS\System32\CRYPT32.dll
0x00007fffca450000 - 0x00007fffca480000 	C:\WINDOWS\SYSTEM32\ncrypt.dll
0x00007fffca400000 - 0x00007fffca43f000 	C:\WINDOWS\SYSTEM32\NTASN1.dll
0x00007fff7e490000 - 0x00007fff7e498000 	C:\WINDOWS\system32\wshunix.dll
0x00007fffc4190000 - 0x00007fffc41af000 	C:\WINDOWS\SYSTEM32\dhcpcsvc6.DLL
0x00007fffc4160000 - 0x00007fffc4185000 	C:\WINDOWS\SYSTEM32\dhcpcsvc.DLL

dbghelp: loaded successfully - version: 4.0.5 - missing functions: none
symbol engine: initialized successfully - sym options: 0x614 - pdb path: .;C:\Program Files\Java\jdk-21\bin;C:\WINDOWS\SYSTEM32;C:\WINDOWS\WinSxS\amd64_microsoft.windows.common-controls_6595b64144ccf1df_6.0.26100.4202_none_3e0698d4e335f517;C:\Program Files\Java\jdk-21\bin\server

VM Arguments:
jvm_args: -XX:+ShowCodeDetailsInExceptionMessages -agentlib:jdwp=transport=dt_socket,suspend=y,address=localhost:53491 -Dcom.sun.management.jmxremote -Dcom.sun.management.jmxremote.port=53490 -Dcom.sun.management.jmxremote.authenticate=false -Dcom.sun.management.jmxremote.ssl=false -Djava.rmi.server.hostname=localhost -Dspring.jmx.enabled=true -Dmanagement.endpoints.jmx.exposure.include=* -Dspring.application.admin.enabled=true -Dspring.output.ansi.enabled=always -XX:TieredStopAtLevel=1 -Dspring.boot.project.name=LibraryManageSystem_MongoFlux -javaagent:C:\Users\urjap\eclipse\jee-2024-12\eclipse\configuration\org.eclipse.osgi\1310\0\.cp\lib\javaagent-shaded.jar -Dfile.encoding=UTF-8 -Dstdout.encoding=UTF-8 -Dstderr.encoding=UTF-8 
java_command: com.library.system.LibraryManageSystemMongoFluxApplication
java_class_path (initial): D:\Humber\Sem4\EntrAppModel\LibraryManageSystem_MongoFlux\target\classes;C:\Users\urjap\.m2\repository\org\springframework\boot\spring-boot-starter-data-mongodb-reactive\3.5.3\spring-boot-starter-data-mongodb-reactive-3.5.3.jar;C:\Users\urjap\.m2\repository\org\springframework\boot\spring-boot-starter\3.5.3\spring-boot-starter-3.5.3.jar;C:\Users\urjap\.m2\repository\org\springframework\boot\spring-boot-starter-logging\3.5.3\spring-boot-starter-logging-3.5.3.jar;C:\Users\urjap\.m2\repository\ch\qos\logback\logback-classic\1.5.18\logback-classic-1.5.18.jar;C:\Users\urjap\.m2\repository\ch\qos\logback\logback-core\1.5.18\logback-core-1.5.18.jar;C:\Users\urjap\.m2\repository\org\apache\logging\log4j\log4j-to-slf4j\2.24.3\log4j-to-slf4j-2.24.3.jar;C:\Users\urjap\.m2\repository\org\apache\logging\log4j\log4j-api\2.24.3\log4j-api-2.24.3.jar;C:\Users\urjap\.m2\repository\org\slf4j\jul-to-slf4j\2.0.17\jul-to-slf4j-2.0.17.jar;C:\Users\urjap\.m2\repository\jakarta\annotation\jakarta.annotation-api\2.1.1\jakarta.annotation-api-2.1.1.jar;C:\Users\urjap\.m2\repository\org\yaml\snakeyaml\2.4\snakeyaml-2.4.jar;C:\Users\urjap\.m2\repository\io\projectreactor\reactor-core\3.7.7\reactor-core-3.7.7.jar;C:\Users\urjap\.m2\repository\org\reactivestreams\reactive-streams\1.0.4\reactive-streams-1.0.4.jar;C:\Users\urjap\.m2\repository\org\mongodb\mongodb-driver-reactivestreams\5.5.1\mongodb-driver-reactivestreams-5.5.1.jar;C:\Users\urjap\.m2\repository\org\mongodb\bson\5.5.1\bson-5.5.1.jar;C:\Users\urjap\.m2\repository\org\mongodb\mongodb-driver-core\5.5.1\mongodb-driver-core-5.5.1.jar;C:\Users\urjap\.m2\repository\org\mongodb\bson-record-codec\5.5.1\bson-record-codec-5.5.1.jar;C:\Users\urjap\.m2\repository\org\springframework\data\spring-data-mongodb\4.5.1\spring-data-mongodb-4.5.1.jar;C:\Users\urjap\.m2\repository\org\springframework\spring-tx\6.2.8\spring-tx-6.2.8.jar;C:\Users\urjap\.m2\repository\org\springframework\spring-context\6.2.8\spring-context-6.2.8.jar;C:\Users\urjap\.m2\repository\org\springframework\spring-beans\6.2.8\spring-beans-6.2.8.jar;C:\Users\urjap\.m2\repository\org\springframework\spring-expression\6.2.8\spring-expression-6.2.8.jar;C:\Users\urjap\.m2\repository\org\springframework\data\spring-data-commons\3.5.1\spring-data-commons-3.5.1.jar;C:\Users\urjap\.m2\repository\org\slf4j\slf4j-api\2.0.17\slf4j-api-2.0.17.jar;C:\Users\urjap\.m2\repository\org\springframework\boot\spring-boot-starter-web\3.5.3\spring-boot-starter-web-3.5.3.jar;C:\Users\urjap\.m2\repository\org\springframework\boot\spring-boot-starter-json\3.5.3\spring-boot-starter-json-3.5.3.jar;C:\Users\urjap\.m2\repository\com\fasterxml\jackson\core\jackson-databind\2.19.1\jackson-databind-2.19.1.jar;C:\Users\urjap\.m2\repository\com\fasterxml\jackson\core\jackson-annotations\2.19.1\jackson-annotations-2.19.1.jar;C:\Users\urjap\.m2\repository\com\fasterxml\jackson\core\jackson-core\2.19.1\jackson-core-2.19.1.jar;C:\Users\urjap\.m2\repository\com\fasterxml\jackson\datatype\jackson-datatype-jdk8\2.19.1\jackson-datatype-jdk8-2.19.1.jar;C:\Users\urjap\.m2\repository\com\fasterxml\jackson\datatype\jackson-datatype-jsr310\2.19.1\jackson-datatype-jsr310-2.19.1.jar;C:\Users\urjap\.m2\repository\com\fasterxml\jackson\module\jackson-module-parameter-names\2.19.1\jackson-module-parameter-names-2.19.1.jar;C:\Users\urjap\.m2\repository\org\springframework\boot\spring-boot-starter-tomcat\3.5.3\spring-boot-starter-tomcat-3.5.3.jar;C:\Users\urjap\.m2\repository\org\apache\tomcat\embed\tomcat-embed-core\10.1.42\tomcat-embed-core-10.1.42.jar;C:\Users\urjap\.m2\repository\org\apache\tomcat\embed\tomcat-embed-el\10.1.42\tomcat-embed-el-10.1.42.jar;C:\Users\urjap\.m2\repository\org\apache\tomcat\embed\tomcat-embed-websocket\10.1.42\tomcat-embed-websocket-10.1.42.jar;C:\Users\urjap\.m2\repository\org\springframework\spring-web\6.2.8\spring-web-6.2.8.jar;C:\Users\urjap\.m2\repository\io\micrometer\micrometer-observation\1.15.1\micrometer-observation-1.15.1.jar;C:\Users\urjap\.m2\repository\io\micrometer\micrometer-commons\1.15.1\micrometer-commons-1.15.1.jar;C:\Users\urjap\.m2\repository\org\springframework\spring-webmvc\6.2.8\spring-webmvc-6.2.8.jar;C:\Users\urjap\.m2\repository\org\springframework\spring-aop\6.2.8\spring-aop-6.2.8.jar;C:\Users\urjap\.m2\repository\org\springframework\boot\spring-boot-starter-webflux\3.5.3\spring-boot-starter-webflux-3.5.3.jar;C:\Users\urjap\.m2\repository\org\springframework\boot\spring-boot-starter-reactor-netty\3.5.3\spring-boot-starter-reactor-netty-3.5.3.jar;C:\Users\urjap\.m2\repository\io\projectreactor\netty\reactor-netty-http\1.2.7\reactor-netty-http-1.2.7.jar;C:\Users\urjap\.m2\repository\io\netty\netty-codec-http\4.1.122.Final\netty-codec-http-4.1.122.Final.jar;C:\Users\urjap\.m2\repository\io\netty\netty-common\4.1.122.Final\netty-common-4.1.122.Final.jar;C:\Users\urjap\.m2\repository\io\netty\netty-buffer\4.1.122.Final\netty-buffer-4.1.122.Final.jar;C:\Users\urjap\.m2\repository\io\netty\netty-transport\4.1.122.Final\netty-transport-4.1.122.Final.jar;C:\Users\urjap\.m2\repository\io\netty\netty-codec\4.1.122.Final\netty-codec-4.1.122.Final.jar;C:\Users\urjap\.m2\repository\io\netty\netty-handler\4.1.122.Final\netty-handler-4.1.122.Final.jar;C:\Users\urjap\.m2\repository\io\netty\netty-codec-http2\4.1.122.Final\netty-codec-http2-4.1.122.Final.jar;C:\Users\urjap\.m2\repository\io\netty\netty-resolver-dns\4.1.122.Final\netty-resolver-dns-4.1.122.Final.jar;C:\Users\urjap\.m2\repository\io\netty\netty-resolver\4.1.122.Final\netty-resolver-4.1.122.Final.jar;C:\Users\urjap\.m2\repository\io\netty\netty-codec-dns\4.1.122.Final\netty-codec-dns-4.1.122.Final.jar;C:\Users\urjap\.m2\repository\io\netty\netty-resolver-dns-native-macos\4.1.122.Final\netty-resolver-dns-native-macos-4.1.122.Final-osx-x86_64.jar;C:\Users\urjap\.m2\repository\io\netty\netty-resolver-dns-classes-macos\4.1.122.Final\netty-resolver-dns-classes-macos-4.1.122.Final.jar;C:\Users\urjap\.m2\repository\io\netty\netty-transport-native-epoll\4.1.122.Final\netty-transport-native-epoll-4.1.122.Final-linux-x86_64.jar;C:\Users\urjap\.m2\repository\io\netty\netty-transport-native-unix-common\4.1.122.Final\netty-transport-native-unix-common-4.1.122.Final.jar;C:\Users\urjap\.m2\repository\io\netty\netty-transport-classes-epoll\4.1.122.Final\netty-transport-classes-epoll-4.1.122.Final.jar;C:\Users\urjap\.m2\repository\io\projectreactor\netty\reactor-netty-core\1.2.7\reactor-netty-core-1.2.7.jar;C:\Users\urjap\.m2\repository\io\netty\netty-handler-proxy\4.1.122.Final\netty-handler-proxy-4.1.122.Final.jar;C:\Users\urjap\.m2\repository\io\netty\netty-codec-socks\4.1.122.Final\netty-codec-socks-4.1.122.Final.jar;C:\Users\urjap\.m2\repository\org\springframework\spring-webflux\6.2.8\spring-webflux-6.2.8.jar;C:\Users\urjap\.m2\repository\org\springframework\boot\spring-boot-devtools\3.5.3\spring-boot-devtools-3.5.3.jar;C:\Users\urjap\.m2\repository\org\springframework\boot\spring-boot\3.5.3\spring-boot-3.5.3.jar;C:\Users\urjap\.m2\repository\org\springframework\boot\spring-boot-autoconfigure\3.5.3\spring-boot-autoconfigure-3.5.3.jar;C:\Users\urjap\.m2\repository\org\projectlombok\lombok\1.18.38\lombok-1.18.38.jar;C:\Users\urjap\.m2\repository\org\springframework\spring-core\6.2.8\spring-core-6.2.8.jar;C:\Users\urjap\.m2\repository\org\springframework\spring-jcl\6.2.8\spring-jcl-6.2.8.jar
Launcher Type: SUN_STANDARD

[Global flags]
     intx CICompilerCount                          = 12                                        {product} {ergonomic}
     uint ConcGCThreads                            = 3                                         {product} {ergonomic}
     uint G1ConcRefinementThreads                  = 13                                        {product} {ergonomic}
   size_t G1HeapRegionSize                         = 2097152                                   {product} {ergonomic}
    uintx GCDrainStackTargetSize                   = 64                                        {product} {ergonomic}
   size_t InitialHeapSize                          = 264241152                                 {product} {ergonomic}
     bool ManagementServer                         = true                                      {product} {command line}
   size_t MarkStackSize                            = 4194304                                   {product} {ergonomic}
   size_t MaxHeapSize                              = 4213178368                                {product} {ergonomic}
   size_t MaxNewSize                               = 2527068160                                {product} {ergonomic}
   size_t MinHeapDeltaBytes                        = 2097152                                   {product} {ergonomic}
   size_t MinHeapSize                              = 8388608                                   {product} {ergonomic}
    uintx NonNMethodCodeHeapSize                   = 4096                                   {pd product} {ergonomic}
    uintx NonProfiledCodeHeapSize                  = 0                                      {pd product} {ergonomic}
     bool ProfileInterpreter                       = false                                  {pd product} {command line}
    uintx ProfiledCodeHeapSize                     = 0                                      {pd product} {ergonomic}
     bool ShowCodeDetailsInExceptionMessages       = true                                   {manageable} {command line}
   size_t SoftMaxHeapSize                          = 4213178368                             {manageable} {ergonomic}
     intx TieredStopAtLevel                        = 1                                         {product} {command line}
     bool UseCompressedOops                        = true                           {product lp64_product} {ergonomic}
     bool UseG1GC                                  = true                                      {product} {ergonomic}
     bool UseLargePagesIndividualAllocation        = false                                  {pd product} {ergonomic}

Logging:
Log output configuration:
 #0: stdout all=warning uptime,level,tags foldmultilines=false
 #1: stderr all=off uptime,level,tags foldmultilines=false

Environment Variables:
JAVA_HOME=C:\Program Files\Java\jdk-17
PATH=C:\Program Files\Common Files\Oracle\Java\javapath;C:\WINDOWS\system32;C:\WINDOWS;C:\WINDOWS\System32\Wbem;C:\WINDOWS\System32\WindowsPowerShell\v1.0\;C:\WINDOWS\System32\OpenSSH\;C:\Program Files\dotnet\;C:\Program Files\PuTTY\;C:\Program Files\Git\cmd;C:\Program Files\Microsoft SQL Server\Client SDK\ODBC\170\Tools\Binn\;C:\Program Files (x86)\Microsoft SQL Server\150\Tools\Binn\;C:\Program Files\Microsoft SQL Server\150\Tools\Binn\;C:\Program Files\Microsoft SQL Server\150\DTS\Binn\;C:\Program Files (x86)\Microsoft SQL Server\160\DTS\Binn\;C:\Program Files\nodejs\;C:\Program Files\RedHat\Podman\;C:\xampp\php;C:\ProgramData\ComposerSetup\bin;D:\Humber\Maven_J2EE\apache-maven-3.9.9-bin\apache-maven-3.9.9\bin;C:\Program Files\Java\jdk-17;C:\Users\urjap\AppData\Local\Android\Sdk\platform-tools;C:\Program Files\MySQL\MySQL Shell 8.0\bin\;C:\Users\urjap\AppData\Local\Programs\Python\Python313\Scripts\;C:\Users\urjap\AppData\Local\Programs\Python\Python313\;C:\Users\urjap\AppData\Local\Programs\Python\Launcher\;C:\Users\urjap\AppData\Local\Microsoft\WindowsApps;C:\Users\urjap\AppData\Local\Programs\Microsoft VS Code\bin;C:\Users\urjap\.dotnet\tools;C:\Users\urjap\AppData\Local\Microsoft\WinGet\Packages\Schniz.fnm_Microsoft.Winget.Source_8wekyb3d8bbwe;C:\Users\urjap\AppData\Roaming\npm;C:\Users\urjap\AppData\Local\GitHubDesktop\bin;C:\Users\urjap\AppData\Roaming\Composer\vendor\bin
USERNAME=urjap
OS=Windows_NT
PROCESSOR_IDENTIFIER=Intel64 Family 6 Model 186 Stepping 2, GenuineIntel
TMP=C:\Users\urjap\AppData\Local\Temp
TEMP=C:\Users\urjap\AppData\Local\Temp




Periodic native trim disabled

---------------  S Y S T E M  ---------------

OS:
 Windows 11 , 64 bit Build 26100 (10.0.26100.4202)
OS uptime: 0 days 20:38 hours
Hyper-V role detected

CPU: total 16 (initial active 16) (8 cores per cpu, 2 threads per core) family 6 model 186 stepping 2 microcode 0x4123, cx8, cmov, fxsr, ht, mmx, 3dnowpref, sse, sse2, sse3, ssse3, sse4.1, sse4.2, popcnt, lzcnt, tsc, tscinvbit, avx, avx2, aes, erms, clmul, bmi1, bmi2, adx, sha, fma, vzeroupper, clflush, clflushopt, clwb, hv, serialize, rdtscp, rdpid, fsrm, f16c, cet_ibt, cet_ss
Processor Information for processor 0
  Max Mhz: 2200, Current Mhz: 2200, Mhz Limit: 2200
Processor Information for processor 1
  Max Mhz: 2200, Current Mhz: 2200, Mhz Limit: 2200
Processor Information for processor 2
  Max Mhz: 2200, Current Mhz: 2200, Mhz Limit: 2200
Processor Information for processor 3
  Max Mhz: 2200, Current Mhz: 2200, Mhz Limit: 2200
Processor Information for processor 4
  Max Mhz: 2200, Current Mhz: 2200, Mhz Limit: 2200
Processor Information for processor 5
  Max Mhz: 2200, Current Mhz: 2200, Mhz Limit: 2200
Processor Information for processor 6
  Max Mhz: 2200, Current Mhz: 2200, Mhz Limit: 2200
Processor Information for processor 7
  Max Mhz: 2200, Current Mhz: 2200, Mhz Limit: 2200
Processor Information for processor 8
  Max Mhz: 2200, Current Mhz: 2200, Mhz Limit: 2200
Processor Information for processor 9
  Max Mhz: 2200, Current Mhz: 2200, Mhz Limit: 2200
Processor Information for processor 10
  Max Mhz: 2200, Current Mhz: 1512, Mhz Limit: 2200
Processor Information for processor 11
  Max Mhz: 2200, Current Mhz: 1512, Mhz Limit: 2200
Processor Information for processor 12
  Max Mhz: 2200, Current Mhz: 1512, Mhz Limit: 2200
Processor Information for processor 13
  Max Mhz: 2200, Current Mhz: 1512, Mhz Limit: 2200
Processor Information for processor 14
  Max Mhz: 2200, Current Mhz: 1512, Mhz Limit: 2200
Processor Information for processor 15
  Max Mhz: 2200, Current Mhz: 1512, Mhz Limit: 2200

Memory: 4k page, system-wide physical 16068M (1746M free)
TotalPageFile size 29892M (AvailPageFile size 7410M)
current process WorkingSet (physical memory assigned to process): 312M, peak: 314M
current process commit charge ("private bytes"): 393M, peak: 412M

vm_info: Java HotSpot(TM) 64-Bit Server VM (21.0.1+12-LTS-29) for windows-amd64 JRE (21.0.1+12-LTS-29), built on 2023-10-05T13:27:09Z by "mach5one" with MS VC++ 17.1 (VS2022)

END.
